<?xml version="1.0" encoding="utf-8"?><testsuites name="pytest tests"><testsuite name="pytest" errors="0" failures="0" skipped="0" tests="5" time="0.500" timestamp="2026-05-29T06:23:41.944046+00:00" hostname="agent-env-0b70e0ff-bd72-49a6-9a5e-947a6db8f30e"><testcase classname="backend.tests.test_data_sync_verification_jan2026.TestCashDrawer" name="test_runner_drawer" time="0.190" /><testcase classname="backend.tests.test_data_sync_verification_jan2026.TestCashDrawer" name="test_gym_londres_drawer" time="0.050" /><testcase classname="backend.tests.test_data_sync_verification_jan2026.TestPrazoDebts" name="test_prazo_runner" time="0.069" /><testcase classname="backend.tests.test_data_sync_verification_jan2026.TestPrazoDebts" name="test_prazo_gym_londres" time="0.059" /><testcase classname="backend.tests.test_data_sync_verification_jan2026.TestExpenses" name="test_expenses_total" time="0.057" /></testsuite></testsuites>