<?xml version="1.0" encoding="utf-8"?><testsuites name="pytest tests"><testsuite name="pytest" errors="0" failures="0" skipped="0" tests="11" time="3.730" timestamp="2026-05-30T07:55:44.378793+00:00" hostname="agent-env-0b70e0ff-bd72-49a6-9a5e-947a6db8f30e"><testcase classname="backend.tests.test_prazo_add_credit_autoapply_jan2026.TestAddCreditAutoApply" name="test_t1_partial_payoff_first_order" time="0.442" /><testcase classname="backend.tests.test_prazo_add_credit_autoapply_jan2026.TestAddCreditAutoApply" name="test_t2_excess_goes_to_credit" time="0.380" /><testcase classname="backend.tests.test_prazo_add_credit_autoapply_jan2026.TestAddCreditAutoApply" name="test_t3_no_debt_full_credit" time="0.436" /><testcase classname="backend.tests.test_prazo_add_credit_autoapply_jan2026.TestAddCreditAutoApply" name="test_t4_invalid_amount_zero" time="0.212" /><testcase classname="backend.tests.test_prazo_add_credit_autoapply_jan2026.TestAddCreditAutoApply" name="test_t4_invalid_amount_negative" time="0.277" /><testcase classname="backend.tests.test_prazo_add_credit_autoapply_jan2026.TestAddCreditAutoApply" name="test_t5_nonexistent_customer" time="0.109" /><testcase classname="backend.tests.test_prazo_add_credit_autoapply_jan2026.TestAddCreditAutoApply" name="test_t6_partial_payments_collection_populated" time="0.233" /><testcase classname="backend.tests.test_prazo_add_credit_autoapply_jan2026.TestAddCreditAutoApply" name="test_t7_debts_endpoint_reflects_reduction" time="0.619" /><testcase classname="backend.tests.test_prazo_add_credit_autoapply_jan2026.TestAddCreditAutoApply" name="test_t8_get_customers_shows_updated_credit" time="0.323" /><testcase classname="backend.tests.test_prazo_add_credit_autoapply_jan2026.TestAddCreditAutoApply" name="test_t9_subsequent_credit_after_debt_cleared" time="0.312" /><testcase classname="backend.tests.test_prazo_add_credit_autoapply_jan2026.TestAddCreditAutoApply" name="test_t10_case_insensitive_name_lookup" time="0.239" /></testsuite></testsuites>