<?xml version="1.0" encoding="utf-8"?><testsuites name="pytest tests"><testsuite name="pytest" errors="0" failures="0" skipped="0" tests="7" time="0.793" timestamp="2026-05-29T20:44:47.421103+00:00" hostname="agent-env-0b70e0ff-bd72-49a6-9a5e-947a6db8f30e"><testcase classname="backend.tests.test_prazo_lookup_iteration4_jan2026" name="test_lookup_store_filter_only_gym_londres" time="0.243" /><testcase classname="backend.tests.test_prazo_lookup_iteration4_jan2026" name="test_lookup_store_filter_only_runner" time="0.056" /><testcase classname="backend.tests.test_prazo_lookup_iteration4_jan2026" name="test_lookup_cross_store_fallback_pau_in_gym" time="0.056" /><testcase classname="backend.tests.test_prazo_lookup_iteration4_jan2026" name="test_lookup_cross_store_fallback_bonine_in_runner" time="0.051" /><testcase classname="backend.tests.test_prazo_lookup_iteration4_jan2026" name="test_lookup_accent_insensitive_paulao" time="0.212" /><testcase classname="backend.tests.test_prazo_lookup_iteration4_jan2026" name="test_lookup_no_results_returns_empty" time="0.051" /><testcase classname="backend.tests.test_prazo_lookup_iteration4_jan2026" name="test_lookup_phone_masked" time="0.052" /></testsuite></testsuites>