<?xml version="1.0" encoding="utf-8"?><testsuites name="pytest tests"><testsuite name="pytest" errors="0" failures="0" skipped="0" tests="4" time="2.120" timestamp="2026-05-29T16:31:59.009068+00:00" hostname="agent-env-0b70e0ff-bd72-49a6-9a5e-947a6db8f30e"><testcase classname="backend.tests.test_bugfixes_iteration3_jan2026.TestMenuAddChiclete" name="test_add_chiclete_in_doces" time="0.933" /><testcase classname="backend.tests.test_bugfixes_iteration3_jan2026.TestPrazoLookupAccentInsensitive" name="test_paulao_accent_insensitive" time="0.510" /><testcase classname="backend.tests.test_bugfixes_iteration3_jan2026.TestPrazoLookupAccentInsensitive" name="test_joao_accent_insensitive" time="0.480" /><testcase classname="backend.tests.test_bugfixes_iteration3_jan2026.TestPrazoLookupAccentInsensitive" name="test_lookup_no_results_when_no_match" time="0.107" /></testsuite></testsuites>