<?xml version="1.0" encoding="utf-8"?><testsuites name="pytest tests"><testsuite name="pytest" errors="0" failures="0" skipped="0" tests="14" time="2.179" timestamp="2026-06-02T15:08:19.196410+00:00" hostname="agent-env-0b70e0ff-bd72-49a6-9a5e-947a6db8f30e"><testcase classname="backend.tests.test_prazo_regex_escape_jan2026.TestAbaterRegexEscape" name="test_abater_succeeds_with_special_chars[Erick Ramos (personal)]" time="0.404" /><testcase classname="backend.tests.test_prazo_regex_escape_jan2026.TestAbaterRegexEscape" name="test_abater_succeeds_with_special_chars[Joao A.]" time="0.119" /><testcase classname="backend.tests.test_prazo_regex_escape_jan2026.TestAbaterRegexEscape" name="test_abater_succeeds_with_special_chars[TEST plus + extra]" time="0.117" /><testcase classname="backend.tests.test_prazo_regex_escape_jan2026.TestAbaterRegexEscape" name="test_abater_succeeds_with_special_chars[Cli [teste]]" time="0.111" /><testcase classname="backend.tests.test_prazo_regex_escape_jan2026.TestAbaterRegexEscape" name="test_abater_succeeds_with_special_chars[Star * Marcus]" time="0.111" /><testcase classname="backend.tests.test_prazo_regex_escape_jan2026.TestAbaterRegexEscape" name="test_abater_succeeds_with_special_chars[Quem? Carlos]" time="0.116" /><testcase classname="backend.tests.test_prazo_regex_escape_jan2026.TestAbaterRegexEscape" name="test_abater_succeeds_with_special_chars[Or | bar]" time="0.124" /><testcase classname="backend.tests.test_prazo_regex_escape_jan2026.TestAbaterRegexEscape" name="test_abater_succeeds_with_special_chars[Caret ^ guy]" time="0.113" /><testcase classname="backend.tests.test_prazo_regex_escape_jan2026.TestAbaterRegexEscape" name="test_abater_succeeds_with_special_chars[Dollar $ Bill]" time="0.112" /><testcase classname="backend.tests.test_prazo_regex_escape_jan2026.TestAddCreditRegexEscape" name="test_add_credit_applies_to_debt_with_parens" time="0.180" /><testcase classname="backend.tests.test_prazo_regex_escape_jan2026.TestHistoryRegexEscape" name="test_history_returns_for_parens_name" time="0.251" /><testcase classname="backend.tests.test_prazo_regex_escape_jan2026.TestBackwardsCompatPlainNames" name="test_abater_plain_name" time="0.117" /><testcase classname="backend.tests.test_prazo_regex_escape_jan2026.TestAbaterUnknownCustomerStillReturns404" name="test_unknown_customer_returns_404" time="0.052" /><testcase classname="backend.tests.test_prazo_regex_escape_jan2026.TestAbaterWrongPassword" name="test_wrong_password_403" time="0.110" /></testsuite></testsuites>