<?xml version="1.0" encoding="utf-8"?><testsuites name="pytest tests"><testsuite name="pytest" errors="0" failures="0" skipped="0" tests="11" time="2.852" timestamp="2026-05-29T16:10:42.899354+00:00" hostname="agent-env-0b70e0ff-bd72-49a6-9a5e-947a6db8f30e"><testcase classname="backend.tests.test_bugfixes_iteration2_jan2026.TestCategories" name="test_categories_includes_pao_doce" time="0.233" /><testcase classname="backend.tests.test_bugfixes_iteration2_jan2026.TestChartsWithStoreFilter" name="test_monthly_runner_may_2026" time="0.184" /><testcase classname="backend.tests.test_bugfixes_iteration2_jan2026.TestChartsWithStoreFilter" name="test_monthly_gym_may_2026" time="0.119" /><testcase classname="backend.tests.test_bugfixes_iteration2_jan2026.TestChartsWithStoreFilter" name="test_monthly_combined_may_2026" time="0.116" /><testcase classname="backend.tests.test_bugfixes_iteration2_jan2026.TestChartsWithStoreFilter" name="test_daily_accepts_store_param" time="0.377" /><testcase classname="backend.tests.test_bugfixes_iteration2_jan2026.TestChartsWithStoreFilter" name="test_yearly_accepts_store_param" time="0.374" /><testcase classname="backend.tests.test_bugfixes_iteration2_jan2026.TestPrazoLookup" name="test_lookup_runner_no_q_returns_50" time="0.142" /><testcase classname="backend.tests.test_bugfixes_iteration2_jan2026.TestPrazoLookup" name="test_lookup_gym_no_q_returns_13" time="0.119" /><testcase classname="backend.tests.test_bugfixes_iteration2_jan2026.TestPrazoLookup" name="test_lookup_with_q_still_filters" time="0.133" /><testcase classname="backend.tests.test_bugfixes_iteration2_jan2026.TestMenuAdd" name="test_add_pao_doce_item_to_runner" time="0.507" /><testcase classname="backend.tests.test_bugfixes_iteration2_jan2026.TestMenuAdd" name="test_add_item_to_gym" time="0.468" /></testsuite></testsuites>