<?xml version="1.0" encoding="utf-8"?><testsuites name="pytest tests"><testsuite name="pytest" errors="0" failures="0" skipped="0" tests="18" time="4.520" timestamp="2026-05-29T22:50:10.026260+00:00" hostname="agent-env-0b70e0ff-bd72-49a6-9a5e-947a6db8f30e"><testcase classname="backend.tests.test_manual_sales_jan2026.TestAuth" name="test_post_requires_auth" time="0.368" /><testcase classname="backend.tests.test_manual_sales_jan2026.TestAuth" name="test_post_wrong_auth" time="0.155" /><testcase classname="backend.tests.test_manual_sales_jan2026.TestAuth" name="test_list_requires_auth" time="0.173" /><testcase classname="backend.tests.test_manual_sales_jan2026.TestAuth" name="test_delete_requires_auth" time="0.112" /><testcase classname="backend.tests.test_manual_sales_jan2026.TestValidation" name="test_invalid_store" time="0.143" /><testcase classname="backend.tests.test_manual_sales_jan2026.TestValidation" name="test_invalid_payment_method" time="0.174" /><testcase classname="backend.tests.test_manual_sales_jan2026.TestValidation" name="test_invalid_period" time="0.110" /><testcase classname="backend.tests.test_manual_sales_jan2026.TestValidation" name="test_amount_zero" time="0.152" /><testcase classname="backend.tests.test_manual_sales_jan2026.TestValidation" name="test_amount_negative" time="0.119" /><testcase classname="backend.tests.test_manual_sales_jan2026.TestValidation" name="test_invalid_date_format" time="0.188" /><testcase classname="backend.tests.test_manual_sales_jan2026.TestCreateListDelete" name="test_create_basic_payload" time="0.470" /><testcase classname="backend.tests.test_manual_sales_jan2026.TestCreateListDelete" name="test_list_contains_created" time="0.101" /><testcase classname="backend.tests.test_manual_sales_jan2026.TestCreateListDelete" name="test_list_sorted_desc" time="0.229" /><testcase classname="backend.tests.test_manual_sales_jan2026.TestCreateListDelete" name="test_create_with_explicit_date_and_shift_hour" time="0.251" /><testcase classname="backend.tests.test_manual_sales_jan2026.TestCreateListDelete" name="test_delete_manual_sale" time="0.640" /><testcase classname="backend.tests.test_manual_sales_jan2026.TestCreateListDelete" name="test_delete_unknown_id_returns_404" time="0.124" /><testcase classname="backend.tests.test_manual_sales_jan2026.TestCreateListDelete" name="test_delete_non_manual_order_returns_404" time="0.109" /><testcase classname="backend.tests.test_manual_sales_jan2026" name="test_zzz_final_cleanup" time="0.806" /></testsuite></testsuites>