<?xml version="1.0" encoding="utf-8"?><testsuites name="pytest tests"><testsuite name="pytest" errors="0" failures="0" skipped="0" tests="8" time="4.368" timestamp="2026-07-17T14:43:00.479099+00:00" hostname="agent-env-0b70e0ff-bd72-49a6-9a5e-947a6db8f30e"><testcase classname="backend.tests.test_menu_public_override_jan2026" name="test_edit_default_price_reflects_in_both_public_menus" time="0.541" /><testcase classname="backend.tests.test_menu_public_override_jan2026" name="test_edit_default_description_and_category_reflect" time="0.450" /><testcase classname="backend.tests.test_menu_public_override_jan2026" name="test_restore_default_price_shows_original" time="0.542" /><testcase classname="backend.tests.test_menu_public_override_jan2026" name="test_custom_item_appears_in_both_public_menus" time="0.371" /><testcase classname="backend.tests.test_menu_public_override_jan2026" name="test_edit_custom_item_reflects" time="0.342" /><testcase classname="backend.tests.test_menu_public_override_jan2026" name="test_delete_custom_item_removes_from_both" time="0.473" /><testcase classname="backend.tests.test_menu_public_override_jan2026" name="test_public_menu_structure_intact" time="0.231" /><testcase classname="backend.tests.test_menu_public_override_jan2026" name="test_cleanup_no_residual_test_items" time="1.343" /></testsuite></testsuites>