<?xml version="1.0" encoding="utf-8"?><testsuites name="pytest tests"><testsuite name="pytest" errors="0" failures="0" skipped="0" tests="16" time="3.568" timestamp="2026-06-15T11:56:57.485866+00:00" hostname="agent-env-0b70e0ff-bd72-49a6-9a5e-947a6db8f30e"><testcase classname="backend.tests.test_menu_sync_persistence_jan2026.TestAuth" name="test_gestor_can_list_menu" time="0.188" /><testcase classname="backend.tests.test_menu_sync_persistence_jan2026.TestCreateMenuItem" name="test_post_creates_item_in_both_stores_with_suffix_ids" time="0.049" /><testcase classname="backend.tests.test_menu_sync_persistence_jan2026.TestCreateMenuItem" name="test_post_also_creates_stock_entries" time="0.164" /><testcase classname="backend.tests.test_menu_sync_persistence_jan2026.TestUpdateMenuItem" name="test_put_with_suffix_id_propagates_to_sibling" time="0.201" /><testcase classname="backend.tests.test_menu_sync_persistence_jan2026.TestUpdateMenuItem" name="test_put_only_price_does_not_touch_other_fields" time="0.140" /><testcase classname="backend.tests.test_menu_sync_persistence_jan2026.TestUpdateMenuItem" name="test_put_name_change_updates_stock_collection" time="0.141" /><testcase classname="backend.tests.test_menu_sync_persistence_jan2026.TestUpdateMenuItem" name="test_put_nonexistent_returns_404" time="0.047" /><testcase classname="backend.tests.test_menu_sync_persistence_jan2026.TestUpdateMenuItem" name="test_put_empty_payload_returns_400" time="0.044" /><testcase classname="backend.tests.test_menu_sync_persistence_jan2026.TestUpdateMenuItem" name="test_put_plain_id_updates_both_stores" time="0.306" /><testcase classname="backend.tests.test_menu_sync_persistence_jan2026.TestDeleteMenuItem" name="test_delete_removes_both_stores_and_stock" time="0.194" /><testcase classname="backend.tests.test_menu_sync_persistence_jan2026.TestDeleteMenuItem" name="test_delete_nonexistent_returns_404" time="0.046" /><testcase classname="backend.tests.test_menu_sync_persistence_jan2026.TestPublicMenu" name="test_public_menu_reflects_updated_price" time="0.302" /><testcase classname="backend.tests.test_menu_sync_persistence_jan2026.TestPublicMenu" name="test_low_price_item_not_filtered_as_test" time="0.257" /><testcase classname="backend.tests.test_menu_sync_persistence_jan2026.TestPublicMenu" name="test_custom_category_pao_doce_works" time="0.297" /><testcase classname="backend.tests.test_menu_sync_persistence_jan2026.TestPersistence" name="test_price_persists_across_refetch" time="0.236" /><testcase classname="backend.tests.test_menu_sync_persistence_jan2026.TestPersistence" name="test_runner_menu_has_100_items" time="0.864" /></testsuite></testsuites>